TN:
SF:src/Gas.sol
FN:127,GasContract.getPaymentHistory
FNDA:0,GasContract.getPaymentHistory
DA:132,0
FN:135,GasContract.checkForAdmin
FNDA:0,GasContract.checkForAdmin
DA:136,2816
DA:137,2816
DA:138,14080
BRDA:138,0,0,2560
BRDA:138,0,1,14080
DA:139,2560
DA:142,2816
FN:145,GasContract.balanceOf
FNDA:768,GasContract.balanceOf
DA:146,768
DA:147,768
FN:150,GasContract.getTradingMode
FNDA:0,GasContract.getTradingMode
DA:151,0
DA:152,0
BRDA:152,1,0,-
BRDA:152,1,1,-
DA:153,0
DA:155,0
DA:157,0
FN:161,GasContract.addHistory
FNDA:0,GasContract.addHistory
DA:165,0
DA:166,0
DA:167,0
DA:168,0
DA:169,0
DA:170,0
DA:171,0
DA:172,0
DA:174,0
FN:177,GasContract.getPayments
FNDA:0,GasContract.getPayments
DA:182,0
BRDA:182,2,0,-
BRDA:182,2,1,-
DA:186,0
FN:189,GasContract.transfer
FNDA:768,GasContract.transfer
DA:194,768
DA:195,768
BRDA:195,3,0,-
BRDA:195,3,1,768
DA:199,768
BRDA:199,4,0,-
BRDA:199,4,1,768
DA:203,768
DA:204,768
DA:205,768
DA:206,768
DA:207,768
DA:208,768
DA:209,768
DA:210,768
DA:211,768
DA:212,768
DA:213,768
DA:214,768
DA:215,768
DA:216,768
DA:217,9216
DA:219,768
FN:222,GasContract.updatePayment
FNDA:0,GasContract.updatePayment
DA:228,0
BRDA:228,5,0,-
BRDA:228,5,1,-
DA:232,0
BRDA:232,6,0,-
BRDA:232,6,1,-
DA:236,0
BRDA:236,7,0,-
BRDA:236,7,1,-
DA:241,0
DA:243,0
DA:244,0
BRDA:244,8,0,-
BRDA:244,8,1,-
DA:245,0
DA:246,0
DA:247,0
DA:248,0
DA:249,0
DA:250,0
DA:251,0
FN:261,GasContract.addToWhitelist
FNDA:1536,GasContract.addToWhitelist
DA:265,1280
BRDA:265,9,0,-
BRDA:265,9,1,-
DA:269,1280
DA:270,1280
BRDA:270,10,0,-
BRDA:270,10,1,-
DA:271,637
DA:272,637
DA:273,643
BRDA:273,11,0,-
BRDA:273,11,1,-
DA:274,204
DA:275,204
DA:276,439
BRDA:276,12,0,-
BRDA:276,12,1,-
DA:277,169
DA:278,169
DA:280,1280
DA:281,1280
BRDA:281,13,0,-
BRDA:281,13,1,-
DA:282,1280
DA:283,1280
DA:284,0
BRDA:284,14,0,-
BRDA:284,14,1,-
DA:285,0
DA:286,0
DA:288,0
DA:290,1280
FN:293,GasContract.whiteTransfer
FNDA:768,GasContract.whiteTransfer
DA:297,768
DA:298,768
BRDA:298,15,0,-
BRDA:298,15,1,768
DA:302,768
BRDA:302,16,0,-
BRDA:302,16,1,768
DA:306,768
DA:307,768
DA:308,768
DA:309,768
DA:311,768
FN:319,GasContract.
FNDA:0,GasContract.
DA:320,0
FNF:11
FNH:4
LF:85
LH:50
BRF:34
BRH:6
end_of_record
TN:
SF:src/Ownable.sol
FN:62,Ownable.owner
FNDA:0,Ownable.owner
DA:63,0
FN:69,Ownable._checkOwner
FNDA:0,Ownable._checkOwner
DA:70,0
BRDA:70,0,0,-
BRDA:70,0,1,-
FN:80,Ownable.renounceOwnership
FNDA:0,Ownable.renounceOwnership
DA:81,0
FN:88,Ownable.transferOwnership
FNDA:0,Ownable.transferOwnership
DA:89,0
BRDA:89,1,0,-
BRDA:89,1,1,-
DA:93,0
FN:100,Ownable._transferOwnership
FNDA:0,Ownable._transferOwnership
DA:101,0
DA:102,0
DA:103,0
FN:15,Context._msgSender
FNDA:0,Context._msgSender
DA:16,0
FN:19,Context._msgData
FNDA:0,Context._msgData
DA:20,0
FNF:7
FNH:0
LF:10
LH:0
BRF:4
BRH:0
end_of_record
TN:
SF:test/helpers/AddressSet.sol
FN:10,LibAddressSet.add
FNDA:0,LibAddressSet.add
DA:11,0
BRDA:11,0,0,-
BRDA:11,0,1,-
DA:12,0
DA:13,0
FN:17,LibAddressSet.contains
FNDA:0,LibAddressSet.contains
DA:18,0
FN:21,LibAddressSet.count
FNDA:0,LibAddressSet.count
DA:22,0
FN:25,LibAddressSet.rand
FNDA:0,LibAddressSet.rand
DA:26,0
BRDA:26,1,0,-
BRDA:26,1,1,-
DA:27,0
DA:29,0
FN:33,LibAddressSet.forEach
FNDA:0,LibAddressSet.forEach
DA:34,0
DA:35,0
FN:39,LibAddressSet.reduce
FNDA:0,LibAddressSet.reduce
DA:43,0
DA:44,0
DA:46,0
FNF:6
FNH:0
LF:13
LH:0
BRF:4
BRH:0
end_of_record
